<?xml version="1.0" encoding="UTF-8"?>
<!-- Generated by org.testng.reporters.JUnitXMLReporter -->
<testsuite hostname="symc-w7-19-120" name="SAS API Automation" tests="3" failures="1" timestamp="9 Sep 2014 12:23:47 GMT" time="0.168" errors="0">
  <testcase name="test1" time="0.058" classname="com.testng.reporting.Report"/>
  <testcase name="test2" time="0.005" classname="com.testng.reporting.Report"/>
  <testcase name="test3" time="0.013" classname="com.testng.reporting.Report">
    <failure type="java.lang.AssertionError" message="expected [true] but found [false]">
      <![CDATA[java.lang.AssertionError: expected [true] but found [false]
	at com.testng.reporting.Report.test3(Report.java:37)
... Removed 28 stack frames]]>
    </failure>
  </testcase> <!-- test3 -->
</testsuite> <!-- SAS API Automation -->
